\BOOKMARK [1][-]{section.1}{Introduction}{}% 1
\BOOKMARK [1][-]{section.2}{Encryption and Security}{}% 2
\BOOKMARK [2][-]{subsection.2.1}{Existing work}{section.2}% 3
\BOOKMARK [2][-]{subsection.2.2}{Fundamental Concepts}{section.2}% 4
\BOOKMARK [3][-]{subsubsection.2.2.1}{AES-CBC }{subsection.2.2}% 5
\BOOKMARK [3][-]{subsubsection.2.2.2}{RSA}{subsection.2.2}% 6
\BOOKMARK [3][-]{subsubsection.2.2.3}{Further reading}{subsection.2.2}% 7
\BOOKMARK [2][-]{subsection.2.3}{Diffie-Hellman Key Exchange}{section.2}% 8
\BOOKMARK [3][-]{subsubsection.2.3.1}{Implementation}{subsection.2.3}% 9
\BOOKMARK [2][-]{subsection.2.4}{Client server seperation}{section.2}% 10
\BOOKMARK [2][-]{subsection.2.5}{Passphrase}{section.2}% 11
\BOOKMARK [2][-]{subsection.2.6}{Verifying private keys}{section.2}% 12
\BOOKMARK [2][-]{subsection.2.7}{Preventing List and Message MITM Attacks}{section.2}% 13
\BOOKMARK [2][-]{subsection.2.8}{Post encryption}{section.2}% 14
\BOOKMARK [2][-]{subsection.2.9}{Message encryption}{section.2}% 15
\BOOKMARK [2][-]{subsection.2.10}{Distributing private information}{section.2}% 16
\BOOKMARK [2][-]{subsection.2.11}{Key Updates}{section.2}% 17
\BOOKMARK [2][-]{subsection.2.12}{Possible Attack Vectors}{section.2}% 18
\BOOKMARK [3][-]{subsubsection.2.12.1}{XSS}{subsection.2.12}% 19
\BOOKMARK [3][-]{subsubsection.2.12.2}{DOS}{subsection.2.12}% 20
\BOOKMARK [3][-]{subsubsection.2.12.3}{Replay attacks}{subsection.2.12}% 21
\BOOKMARK [3][-]{subsubsection.2.12.4}{Malformed data}{subsection.2.12}% 22
\BOOKMARK [3][-]{subsubsection.2.12.5}{Spam}{subsection.2.12}% 23
\BOOKMARK [1][-]{section.3}{Backend}{}% 24
\BOOKMARK [2][-]{subsection.3.1}{Technology Stack}{section.3}% 25
\BOOKMARK [1][-]{section.4}{Search}{}% 26
\BOOKMARK [2][-]{subsection.4.1}{Further reading}{section.4}% 27
\BOOKMARK [1][-]{section.5}{Coding Guidelines}{}% 28
\BOOKMARK [1][-]{section.6}{Technical Documentation}{}% 29
\BOOKMARK [2][-]{subsection.6.1}{Login}{section.6}% 30
\BOOKMARK [2][-]{subsection.6.2}{Messages}{section.6}% 31
\BOOKMARK [2][-]{subsection.6.3}{Edgekeys}{section.6}% 32
\BOOKMARK [2][-]{subsection.6.4}{Recryption of data}{section.6}% 33
\BOOKMARK [1][-]{section.7}{Sources}{}% 34
